Warning: Cannot symlink from /home/Joris/thesis/gazebo/catkin_ws/devel/.private/mavros/lib/libmavros_plugins.so to existing file /home/Joris/thesis/gazebo/catkin_ws/devel/lib/libmavros_plugins.so
Warning: Source hash: 93184b144e6ce9c2f4801b34032a0f6e
Warning: Dest hash: a4904a222bece2615262cd0c1d427d48
Warning: Cannot symlink from /home/Joris/thesis/gazebo/catkin_ws/devel/.private/mavros/lib/libmavros.so to existing file /home/Joris/thesis/gazebo/catkin_ws/devel/lib/libmavros.so
Warning: Source hash: 697512553b6c117c1a94cff7d7c2d435
Warning: Dest hash: 4836dc8ffe27ff25030149a755789753
Warning: Cannot symlink from /home/Joris/thesis/gazebo/catkin_ws/devel/.private/mavros/lib/mavros/checkid to existing file /home/Joris/thesis/gazebo/catkin_ws/devel/lib/mavros/checkid
Warning: Source hash: 8105be5d9b2326ebb340a80dc6706df6
Warning: Dest hash: 262b5addaa8903736e40eeaa3065a945
Warning: Cannot symlink from /home/Joris/thesis/gazebo/catkin_ws/devel/.private/mavros/lib/mavros/mavcmd to existing file /home/Joris/thesis/gazebo/catkin_ws/devel/lib/mavros/mavcmd
Warning: Source hash: ba13bbdd4a0523417cbb0f3b8aef7119
Warning: Dest hash: 8e4bbc6356632a6a7464e86679e1fea3
Warning: Cannot symlink from /home/Joris/thesis/gazebo/catkin_ws/devel/.private/mavros/lib/mavros/event_launcher to existing file /home/Joris/thesis/gazebo/catkin_ws/devel/lib/mavros/event_launcher
Warning: Source hash: 96083ec83cd47ca2dd90d0befeccdc55
Warning: Dest hash: a01907a5139a20f498d4b1c1e6ab22cb
Warning: Cannot symlink from /home/Joris/thesis/gazebo/catkin_ws/devel/.private/mavros/lib/mavros/mavsys to existing file /home/Joris/thesis/gazebo/catkin_ws/devel/lib/mavros/mavsys
Warning: Source hash: cc88b8f27bbc765eb0f44d54a7004a8f
Warning: Dest hash: 4d4642b855534fde6dbd39f31ffba4af
Warning: Cannot symlink from /home/Joris/thesis/gazebo/catkin_ws/devel/.private/mavros/lib/mavros/install_geographiclib_datasets.sh to existing file /home/Joris/thesis/gazebo/catkin_ws/devel/lib/mavros/install_geographiclib_datasets.sh
Warning: Source hash: 0ae8f69571fe1ca0368efb4099f4ead7
Warning: Dest hash: fc6b9be64e0ffc91a8a7285b25715161
Warning: Cannot symlink from /home/Joris/thesis/gazebo/catkin_ws/devel/.private/mavros/lib/mavros/mavros_node to existing file /home/Joris/thesis/gazebo/catkin_ws/devel/lib/mavros/mavros_node
Warning: Source hash: 180e18f83a4c51ae30645aaed0321c7d
Warning: Dest hash: 6b0404d6a490f9df00039f99ac5f7946
Warning: Cannot symlink from /home/Joris/thesis/gazebo/catkin_ws/devel/.private/mavros/lib/mavros/mavparam to existing file /home/Joris/thesis/gazebo/catkin_ws/devel/lib/mavros/mavparam
Warning: Source hash: a4dbac431cb2dcfbc47f67a403aa96da
Warning: Dest hash: dbab0efc49f4bb6afc0d4e4ac3ac617a
Warning: Cannot symlink from /home/Joris/thesis/gazebo/catkin_ws/devel/.private/mavros/lib/mavros/mavsetp to existing file /home/Joris/thesis/gazebo/catkin_ws/devel/lib/mavros/mavsetp
Warning: Source hash: a124a17cdbfa2401d65a024e9257eca6
Warning: Dest hash: e487027ecec88d1d4e4255b0670382aa
Warning: Cannot symlink from /home/Joris/thesis/gazebo/catkin_ws/devel/.private/mavros/lib/mavros/mavsafety to existing file /home/Joris/thesis/gazebo/catkin_ws/devel/lib/mavros/mavsafety
Warning: Source hash: 6901728445c794a00d4e991c23b89331
Warning: Dest hash: 3cabded812018817c6b3524a464cf1b3
Warning: Cannot symlink from /home/Joris/thesis/gazebo/catkin_ws/devel/.private/mavros/lib/mavros/mavftp to existing file /home/Joris/thesis/gazebo/catkin_ws/devel/lib/mavros/mavftp
Warning: Source hash: 0d7b7ae16d8088f818c0e92aa11b759c
Warning: Dest hash: 2966ab5edd027892910d00aa50da2845
Warning: Cannot symlink from /home/Joris/thesis/gazebo/catkin_ws/devel/.private/mavros/lib/mavros/mavwp to existing file /home/Joris/thesis/gazebo/catkin_ws/devel/lib/mavros/mavwp
Warning: Source hash: ab3082f7cb241d55fbd6a154bfa133ae
Warning: Dest hash: 271044f470938fca9cca1ad52e5db407
Warning: Cannot symlink from /home/Joris/thesis/gazebo/catkin_ws/devel/.private/mavros/lib/mavros/gcs_bridge to existing file /home/Joris/thesis/gazebo/catkin_ws/devel/lib/mavros/gcs_bridge
Warning: Source hash: 2f0e105aa720e995bca2515d9c33ef3a
Warning: Dest hash: c28d78bdb8483fc99182bc63f0a21f4c
Warning: Cannot symlink from /home/Joris/thesis/gazebo/catkin_ws/devel/.private/mavros/lib/pkgconfig/mavros.pc to existing file /home/Joris/thesis/gazebo/catkin_ws/devel/lib/pkgconfig/mavros.pc
Warning: Source hash: 5de53c65ebc08d1702c39eb9fe9c3a62
Warning: Dest hash: e03900a25c3efcef821a16dde9be11b9
Warning: Cannot symlink from /home/Joris/thesis/gazebo/catkin_ws/devel/.private/mavros/lib/python3/dist-packages/mavros/__init__.py to existing file /home/Joris/thesis/gazebo/catkin_ws/devel/lib/python3/dist-packages/mavros/__init__.py
Warning: Source hash: e71a443708070f3bfb7855b4c586ab08
Warning: Dest hash: 6f05516b4d5a2d3486cefc336f45097e
Warning: Cannot symlink from /home/Joris/thesis/gazebo/catkin_ws/devel/.private/mavros/share/mavros/cmake/mavrosConfig.cmake to existing file /home/Joris/thesis/gazebo/catkin_ws/devel/share/mavros/cmake/mavrosConfig.cmake
Warning: Source hash: 1c4e4848d81ed763bf79bcad840a5bfd
Warning: Dest hash: 64cd55781cbc982345a9b5770ec2d134
