Gazebo multi-robot simulator, version 11.15.1
Copyright (C) 2012 Open Source Robotics Foundation.
Released under the Apache 2 License.
http://gazebosim.org


(1747056268 551586251) [Msg] Waiting for master.
(1747056268 555488238) [Msg] Connected to gazebo master @ http://127.0.0.1:11345
(1747056268 555527389) [Msg] Publicized address: 192.168.1.60
(1747056269 533239634) [Msg] Loading world file [/home/Joris/.gazebo/worlds/realistic_grass.world]
(1747056269 643260936) Init world[realistic_grass]
(1747056271 598665692) [Wrn] [gazebo_gps_plugin.cpp:77] [gazebo_gps_plugin]: iris2_custom::gps0 using gps topic "gps0"
(1747056271 598742434) [Wrn] [gazebo_gps_plugin.cpp:202] [gazebo_gps_plugin] Using default update rate of 5hz 
(1747056271 619051443) [Wrn] [SystemPaths.cc:460] File or path does not exist [""] [$HOME/.gazebo/media/materials/scripts]
(1747056271 619079477) [Wrn] [SystemPaths.cc:460] File or path does not exist [""] [file://$HOME/.gazebo/media/materials/scripts]
(1747056271 619102892) [Err] [RenderEngine.cc:480] URI doesn't exist[file://$HOME/.gazebo/media/materials/scripts]
(1747056271 619162211) [Wrn] [SystemPaths.cc:460] File or path does not exist [""] [$HOME/.gazebo/media/materials/textures]
(1747056271 619183855) [Wrn] [SystemPaths.cc:460] File or path does not exist [""] [file://$HOME/.gazebo/media/materials/textures]
(1747056271 619204930) [Err] [RenderEngine.cc:480] URI doesn't exist[file://$HOME/.gazebo/media/materials/textures]
(1747056271 630781370) [Wrn] [SystemPaths.cc:460] File or path does not exist [""] [$HOME/.gazebo/media/materials/scripts]
(1747056271 630806416) [Wrn] [SystemPaths.cc:460] File or path does not exist [""] [file://$HOME/.gazebo/media/materials/scripts]
(1747056271 630828084) [Err] [RenderEngine.cc:480] URI doesn't exist[file://$HOME/.gazebo/media/materials/scripts]
(1747056271 630871071) [Wrn] [SystemPaths.cc:460] File or path does not exist [""] [$HOME/.gazebo/media/materials/textures]
(1747056271 630892506) [Wrn] [SystemPaths.cc:460] File or path does not exist [""] [file://$HOME/.gazebo/media/materials/textures]
(1747056271 630913535) [Err] [RenderEngine.cc:480] URI doesn't exist[file://$HOME/.gazebo/media/materials/textures]
(1747056271 771013363) [Msg] Connecting to PX4 SITL using TCP
(1747056271 771056478) [Msg] Lockstep is enabled
(1747056271 771077216) [Msg] Speed factor set to: 1
(1747056271 773136686) [Msg] Using MAVLink protocol v2.0
(1747056272 303143027) [Wrn] [gazebo_gps_plugin.cpp:77] [gazebo_gps_plugin]: iris1_custom::gps0 using gps topic "gps0"
(1747056272 303205334) [Wrn] [gazebo_gps_plugin.cpp:202] [gazebo_gps_plugin] Using default update rate of 5hz 
(1747056272 396500105) [Msg] Connecting to PX4 SITL using TCP
(1747056272 396618349) [Msg] Lockstep is enabled
(1747056272 396674749) [Msg] Speed factor set to: 1
(1747056272 399380781) [Msg] Using MAVLink protocol v2.0
