Gazebo multi-robot simulator, version 11.15.1
Copyright (C) 2012 Open Source Robotics Foundation.
Released under the Apache 2 License.
http://gazebosim.org


(1747056268 591027515) [Msg] Waiting for master.
(1747056268 595782665) [Msg] Connected to gazebo master @ http://127.0.0.1:11345
(1747056268 595818459) [Msg] Publicized address: 192.168.1.60
(1747056268 596094246) Loaded .ini file from: "/home/Joris/.gazebo/gui.ini"
(1747056269 680470349) [Err] [InsertModelWidget.cc:403] Missing model.config for model "/home/Joris/.gazebo/models/iris1_custom"
(1747056269 680589783) model.config file is missing in directory["/home/Joris/.gazebo/models/iris1_custom"]
(1747056269 680669116) [Err] [InsertModelWidget.cc:403] Missing model.config for model "/home/Joris/.gazebo/models/iris2_custom"
(1747056269 680747592) model.config file is missing in directory["/home/Joris/.gazebo/models/iris2_custom"]
(1747056269 680901161) Invalid filename or directory["/home/Joris/.gazebo/models/iris_dr"] in GAZEBO_MODEL_PATH. It's not a good idea to put extra files in a GAZEBO_MODEL_PATH because the file structure may be modified by Gazebo.
(1747056270 961079623) No spacenav daemon found. Spacenav functionality is disabled
(1747056271 118409770) [Wrn] [SystemPaths.cc:460] File or path does not exist [""] [$HOME/.gazebo/media/materials/scripts]
(1747056271 118434266) [Wrn] [SystemPaths.cc:460] File or path does not exist [""] [file://$HOME/.gazebo/media/materials/scripts]
(1747056271 118459012) [Err] [RenderEngine.cc:480] URI doesn't exist[file://$HOME/.gazebo/media/materials/scripts]
(1747056271 118504365) [Wrn] [SystemPaths.cc:460] File or path does not exist [""] [$HOME/.gazebo/media/materials/textures]
(1747056271 118525607) [Wrn] [SystemPaths.cc:460] File or path does not exist [""] [file://$HOME/.gazebo/media/materials/textures]
(1747056271 118546674) [Err] [RenderEngine.cc:480] URI doesn't exist[file://$HOME/.gazebo/media/materials/textures]
(1747056271 124741918) [Wrn] [SystemPaths.cc:460] File or path does not exist [""] [$HOME/.gazebo/media/materials/scripts]
(1747056271 124766374) [Wrn] [SystemPaths.cc:460] File or path does not exist [""] [file://$HOME/.gazebo/media/materials/scripts]
(1747056271 124788056) [Err] [RenderEngine.cc:480] URI doesn't exist[file://$HOME/.gazebo/media/materials/scripts]
(1747056271 124830941) [Wrn] [SystemPaths.cc:460] File or path does not exist [""] [$HOME/.gazebo/media/materials/textures]
(1747056271 124852084) [Wrn] [SystemPaths.cc:460] File or path does not exist [""] [file://$HOME/.gazebo/media/materials/textures]
(1747056271 124873164) [Err] [RenderEngine.cc:480] URI doesn't exist[file://$HOME/.gazebo/media/materials/textures]
(1747056331 230678831) [Wrn] [Publisher.cc:135] Queue limit reached for topic /gazebo/realistic_grass/user_camera/pose, deleting message. This warning is printed only once.
